{"C:\\Users\\Talha\\Desktop\\Microverse stuff\\Module 2\\review-to-do-list\\src\\Tasks.js": {"path":"C:\\Users\\Talha\\Desktop\\Microverse stuff\\Module 2\\review-to-do-list\\src\\Tasks.js","statementMap":{"0":{"start":{"line":2,"column":17},"end":{"line":2,"column":19}},"1":{"start":{"line":4,"column":17},"end":{"line":4,"column":53}},"2":{"start":{"line":8,"column":4},"end":{"line":8,"column":27}},"3":{"start":{"line":9,"column":4},"end":{"line":9,"column":35}},"4":{"start":{"line":10,"column":4},"end":{"line":10,"column":39}},"5":{"start":{"line":14,"column":21},"end":{"line":25,"column":1}},"6":{"start":{"line":16,"column":2},"end":{"line":24,"column":3}},"7":{"start":{"line":16,"column":15},"end":{"line":16,"column":16}},"8":{"start":{"line":17,"column":15},"end":{"line":17,"column":43}},"9":{"start":{"line":18,"column":4},"end":{"line":22,"column":6}},"10":{"start":{"line":32,"column":2},"end":{"line":32,"column":59}},"11":{"start":{"line":35,"column":20},"end":{"line":39,"column":1}},"12":{"start":{"line":36,"column":2},"end":{"line":38,"column":3}},"13":{"start":{"line":36,"column":15},"end":{"line":36,"column":16}},"14":{"start":{"line":37,"column":4},"end":{"line":37,"column":32}},"15":{"start":{"line":41,"column":16},"end":{"line":44,"column":1}},"16":{"start":{"line":42,"column":15},"end":{"line":42,"column":36}},"17":{"start":{"line":43,"column":2},"end":{"line":43,"column":24}},"18":{"start":{"line":47,"column":2},"end":{"line":47,"column":35}},"19":{"start":{"line":51,"column":0},"end":{"line":60,"column":3}},"20":{"start":{"line":52,"column":2},"end":{"line":59,"column":5}},"21":{"start":{"line":53,"column":4},"end":{"line":58,"column":5}},"22":{"start":{"line":54,"column":6},"end":{"line":54,"column":51}},"23":{"start":{"line":55,"column":6},"end":{"line":55,"column":20}},"24":{"start":{"line":56,"column":6},"end":{"line":56,"column":27}},"25":{"start":{"line":57,"column":6},"end":{"line":57,"column":35}},"26":{"start":{"line":63,"column":2},"end":{"line":63,"column":12}},"27":{"start":{"line":64,"column":2},"end":{"line":64,"column":27}},"28":{"start":{"line":65,"column":2},"end":{"line":65,"column":23}},"29":{"start":{"line":66,"column":2},"end":{"line":66,"column":14}},"30":{"start":{"line":69,"column":18},"end":{"line":74,"column":1}},"31":{"start":{"line":70,"column":2},"end":{"line":73,"column":3}},"32":{"start":{"line":71,"column":4},"end":{"line":71,"column":82}},"33":{"start":{"line":72,"column":4},"end":{"line":72,"column":25}},"34":{"start":{"line":76,"column":14},"end":{"line":88,"column":1}},"35":{"start":{"line":77,"column":2},"end":{"line":86,"column":3}},"36":{"start":{"line":78,"column":24},"end":{"line":78,"column":32}},"37":{"start":{"line":79,"column":17},"end":{"line":79,"column":64}},"38":{"start":{"line":80,"column":4},"end":{"line":84,"column":5}},"39":{"start":{"line":81,"column":6},"end":{"line":81,"column":33}},"40":{"start":{"line":83,"column":6},"end":{"line":83,"column":36}},"41":{"start":{"line":85,"column":4},"end":{"line":85,"column":69}},"42":{"start":{"line":87,"column":2},"end":{"line":87,"column":23}},"43":{"start":{"line":90,"column":14},"end":{"line":94,"column":1}},"44":{"start":{"line":91,"column":2},"end":{"line":91,"column":71}},"45":{"start":{"line":91,"column":44},"end":{"line":91,"column":68}},"46":{"start":{"line":92,"column":2},"end":{"line":92,"column":23}},"47":{"start":{"line":93,"column":2},"end":{"line":93,"column":27}},"48":{"start":{"line":100,"column":0},"end":{"line":100,"column":25}}},"fnMap":{"0":{"name":"(anonymous_0)","decl":{"start":{"line":7,"column":2},"end":{"line":7,"column":3}},"loc":{"start":{"line":7,"column":27},"end":{"line":11,"column":3}},"line":7},"1":{"name":"(anonymous_1)","decl":{"start":{"line":14,"column":21},"end":{"line":14,"column":22}},"loc":{"start":{"line":14,"column":37},"end":{"line":25,"column":1}},"line":14},"2":{"name":"clearData","decl":{"start":{"line":27,"column":9},"end":{"line":27,"column":18}},"loc":{"start":{"line":27,"column":21},"end":{"line":29,"column":1}},"line":27},"3":{"name":"updateLS","decl":{"start":{"line":31,"column":9},"end":{"line":31,"column":17}},"loc":{"start":{"line":31,"column":30},"end":{"line":33,"column":1}},"line":31},"4":{"name":"(anonymous_4)","decl":{"start":{"line":35,"column":20},"end":{"line":35,"column":21}},"loc":{"start":{"line":35,"column":26},"end":{"line":39,"column":1}},"line":35},"5":{"name":"(anonymous_5)","decl":{"start":{"line":41,"column":16},"end":{"line":41,"column":17}},"loc":{"start":{"line":41,"column":33},"end":{"line":44,"column":1}},"line":41},"6":{"name":"deleteItem","decl":{"start":{"line":46,"column":9},"end":{"line":46,"column":19}},"loc":{"start":{"line":46,"column":32},"end":{"line":48,"column":1}},"line":46},"7":{"name":"(anonymous_7)","decl":{"start":{"line":51,"column":46},"end":{"line":51,"column":47}},"loc":{"start":{"line":51,"column":52},"end":{"line":60,"column":1}},"line":51},"8":{"name":"(anonymous_8)","decl":{"start":{"line":52,"column":37},"end":{"line":52,"column":38}},"loc":{"start":{"line":52,"column":44},"end":{"line":59,"column":3}},"line":52},"9":{"name":"addTask","decl":{"start":{"line":62,"column":9},"end":{"line":62,"column":16}},"loc":{"start":{"line":62,"column":19},"end":{"line":67,"column":1}},"line":62},"10":{"name":"(anonymous_10)","decl":{"start":{"line":69,"column":18},"end":{"line":69,"column":19}},"loc":{"start":{"line":69,"column":25},"end":{"line":74,"column":1}},"line":69},"11":{"name":"(anonymous_11)","decl":{"start":{"line":76,"column":14},"end":{"line":76,"column":15}},"loc":{"start":{"line":76,"column":21},"end":{"line":88,"column":1}},"line":76},"12":{"name":"(anonymous_12)","decl":{"start":{"line":90,"column":14},"end":{"line":90,"column":15}},"loc":{"start":{"line":90,"column":20},"end":{"line":94,"column":1}},"line":90},"13":{"name":"(anonymous_13)","decl":{"start":{"line":91,"column":33},"end":{"line":91,"column":34}},"loc":{"start":{"line":91,"column":44},"end":{"line":91,"column":68}},"line":91}},"branchMap":{"0":{"loc":{"start":{"line":19,"column":61},"end":{"line":19,"column":101}},"type":"cond-expr","locations":[{"start":{"line":19,"column":87},"end":{"line":19,"column":96}},{"start":{"line":19,"column":99},"end":{"line":19,"column":101}}],"line":19},"1":{"loc":{"start":{"line":20,"column":28},"end":{"line":20,"column":65}},"type":"cond-expr","locations":[{"start":{"line":20,"column":54},"end":{"line":20,"column":60}},{"start":{"line":20,"column":63},"end":{"line":20,"column":65}}],"line":20},"2":{"loc":{"start":{"line":53,"column":4},"end":{"line":58,"column":5}},"type":"if","locations":[{"start":{"line":53,"column":4},"end":{"line":58,"column":5}},{"start":{},"end":{}}],"line":53},"3":{"loc":{"start":{"line":70,"column":2},"end":{"line":73,"column":3}},"type":"if","locations":[{"start":{"line":70,"column":2},"end":{"line":73,"column":3}},{"start":{},"end":{}}],"line":70},"4":{"loc":{"start":{"line":77,"column":2},"end":{"line":86,"column":3}},"type":"if","locations":[{"start":{"line":77,"column":2},"end":{"line":86,"column":3}},{"start":{},"end":{}}],"line":77},"5":{"loc":{"start":{"line":80,"column":4},"end":{"line":84,"column":5}},"type":"if","locations":[{"start":{"line":80,"column":4},"end":{"line":84,"column":5}},{"start":{"line":82,"column":11},"end":{"line":84,"column":5}}],"line":80}},"s":{"0":1,"1":1,"2":1,"3":1,"4":1,"5":1,"6":1,"7":1,"8":0,"9":0,"10":0,"11":1,"12":0,"13":0,"14":0,"15":1,"16":1,"17":1,"18":1,"19":1,"20":0,"21":0,"22":0,"23":0,"24":0,"25":0,"26":0,"27":0,"28":0,"29":0,"30":1,"31":0,"32":0,"33":0,"34":1,"35":0,"36":0,"37":0,"38":0,"39":0,"40":0,"41":0,"42":0,"43":1,"44":0,"45":0,"46":0,"47":0,"48":1},"f":{"0":1,"1":1,"2":0,"3":0,"4":0,"5":1,"6":1,"7":0,"8":0,"9":0,"10":0,"11":0,"12":0,"13":0},"b":{"0":[0,0],"1":[0,0],"2":[0,0],"3":[0,0],"4":[0,0],"5":[0,0]},"_coverageSchema":"1a1c01bbd47fc00a2c39e90264f33305004495a9","hash":"eaec36923a862110ec073250abb2c8022d7103b4"}
}
