{"C:\\Users\\Talha\\Desktop\\Microverse stuff\\Module 2\\review-to-do-list\\src\\Tasks.js": {"path":"C:\\Users\\Talha\\Desktop\\Microverse stuff\\Module 2\\review-to-do-list\\src\\Tasks.js","statementMap":{"0":{"start":{"line":1,"column":17},"end":{"line":1,"column":19}},"1":{"start":{"line":3,"column":17},"end":{"line":3,"column":53}},"2":{"start":{"line":7,"column":4},"end":{"line":7,"column":39}},"3":{"start":{"line":8,"column":4},"end":{"line":8,"column":35}},"4":{"start":{"line":9,"column":4},"end":{"line":9,"column":27}},"5":{"start":{"line":13,"column":21},"end":{"line":24,"column":1}},"6":{"start":{"line":15,"column":2},"end":{"line":23,"column":3}},"7":{"start":{"line":15,"column":15},"end":{"line":15,"column":16}},"8":{"start":{"line":16,"column":15},"end":{"line":16,"column":43}},"9":{"start":{"line":17,"column":4},"end":{"line":21,"column":6}},"10":{"start":{"line":31,"column":2},"end":{"line":31,"column":59}},"11":{"start":{"line":34,"column":20},"end":{"line":38,"column":1}},"12":{"start":{"line":35,"column":2},"end":{"line":37,"column":3}},"13":{"start":{"line":35,"column":15},"end":{"line":35,"column":16}},"14":{"start":{"line":36,"column":4},"end":{"line":36,"column":32}},"15":{"start":{"line":41,"column":0},"end":{"line":50,"column":3}},"16":{"start":{"line":42,"column":2},"end":{"line":49,"column":5}},"17":{"start":{"line":43,"column":4},"end":{"line":48,"column":5}},"18":{"start":{"line":44,"column":6},"end":{"line":44,"column":61}},"19":{"start":{"line":45,"column":6},"end":{"line":45,"column":20}},"20":{"start":{"line":46,"column":6},"end":{"line":46,"column":27}},"21":{"start":{"line":47,"column":6},"end":{"line":47,"column":35}},"22":{"start":{"line":53,"column":15},"end":{"line":53,"column":36}},"23":{"start":{"line":54,"column":2},"end":{"line":54,"column":24}},"24":{"start":{"line":55,"column":2},"end":{"line":55,"column":27}},"25":{"start":{"line":56,"column":2},"end":{"line":56,"column":23}},"26":{"start":{"line":57,"column":2},"end":{"line":57,"column":14}},"27":{"start":{"line":60,"column":18},"end":{"line":65,"column":1}},"28":{"start":{"line":61,"column":2},"end":{"line":64,"column":3}},"29":{"start":{"line":62,"column":4},"end":{"line":62,"column":82}},"30":{"start":{"line":63,"column":4},"end":{"line":63,"column":25}},"31":{"start":{"line":67,"column":14},"end":{"line":79,"column":1}},"32":{"start":{"line":68,"column":2},"end":{"line":77,"column":3}},"33":{"start":{"line":69,"column":24},"end":{"line":69,"column":32}},"34":{"start":{"line":70,"column":17},"end":{"line":70,"column":64}},"35":{"start":{"line":71,"column":4},"end":{"line":75,"column":5}},"36":{"start":{"line":72,"column":6},"end":{"line":72,"column":33}},"37":{"start":{"line":74,"column":6},"end":{"line":74,"column":36}},"38":{"start":{"line":76,"column":4},"end":{"line":76,"column":69}},"39":{"start":{"line":78,"column":2},"end":{"line":78,"column":23}},"40":{"start":{"line":81,"column":14},"end":{"line":85,"column":1}},"41":{"start":{"line":82,"column":2},"end":{"line":82,"column":71}},"42":{"start":{"line":82,"column":44},"end":{"line":82,"column":68}},"43":{"start":{"line":83,"column":2},"end":{"line":83,"column":23}},"44":{"start":{"line":84,"column":2},"end":{"line":84,"column":27}},"45":{"start":{"line":91,"column":0},"end":{"line":91,"column":25}}},"fnMap":{"0":{"name":"(anonymous_0)","decl":{"start":{"line":6,"column":2},"end":{"line":6,"column":3}},"loc":{"start":{"line":6,"column":27},"end":{"line":10,"column":3}},"line":6},"1":{"name":"(anonymous_1)","decl":{"start":{"line":13,"column":21},"end":{"line":13,"column":22}},"loc":{"start":{"line":13,"column":37},"end":{"line":24,"column":1}},"line":13},"2":{"name":"clearData","decl":{"start":{"line":26,"column":9},"end":{"line":26,"column":18}},"loc":{"start":{"line":26,"column":21},"end":{"line":28,"column":1}},"line":26},"3":{"name":"updateLS","decl":{"start":{"line":30,"column":9},"end":{"line":30,"column":17}},"loc":{"start":{"line":30,"column":30},"end":{"line":32,"column":1}},"line":30},"4":{"name":"(anonymous_4)","decl":{"start":{"line":34,"column":20},"end":{"line":34,"column":21}},"loc":{"start":{"line":34,"column":26},"end":{"line":38,"column":1}},"line":34},"5":{"name":"(anonymous_5)","decl":{"start":{"line":41,"column":46},"end":{"line":41,"column":47}},"loc":{"start":{"line":41,"column":52},"end":{"line":50,"column":1}},"line":41},"6":{"name":"(anonymous_6)","decl":{"start":{"line":42,"column":37},"end":{"line":42,"column":38}},"loc":{"start":{"line":42,"column":44},"end":{"line":49,"column":3}},"line":42},"7":{"name":"addTask","decl":{"start":{"line":52,"column":9},"end":{"line":52,"column":16}},"loc":{"start":{"line":52,"column":30},"end":{"line":58,"column":1}},"line":52},"8":{"name":"(anonymous_8)","decl":{"start":{"line":60,"column":18},"end":{"line":60,"column":19}},"loc":{"start":{"line":60,"column":25},"end":{"line":65,"column":1}},"line":60},"9":{"name":"(anonymous_9)","decl":{"start":{"line":67,"column":14},"end":{"line":67,"column":15}},"loc":{"start":{"line":67,"column":21},"end":{"line":79,"column":1}},"line":67},"10":{"name":"(anonymous_10)","decl":{"start":{"line":81,"column":14},"end":{"line":81,"column":15}},"loc":{"start":{"line":81,"column":20},"end":{"line":85,"column":1}},"line":81},"11":{"name":"(anonymous_11)","decl":{"start":{"line":82,"column":33},"end":{"line":82,"column":34}},"loc":{"start":{"line":82,"column":44},"end":{"line":82,"column":68}},"line":82}},"branchMap":{"0":{"loc":{"start":{"line":18,"column":61},"end":{"line":18,"column":101}},"type":"cond-expr","locations":[{"start":{"line":18,"column":87},"end":{"line":18,"column":96}},{"start":{"line":18,"column":99},"end":{"line":18,"column":101}}],"line":18},"1":{"loc":{"start":{"line":19,"column":28},"end":{"line":19,"column":65}},"type":"cond-expr","locations":[{"start":{"line":19,"column":54},"end":{"line":19,"column":60}},{"start":{"line":19,"column":63},"end":{"line":19,"column":65}}],"line":19},"2":{"loc":{"start":{"line":43,"column":4},"end":{"line":48,"column":5}},"type":"if","locations":[{"start":{"line":43,"column":4},"end":{"line":48,"column":5}},{"start":{},"end":{}}],"line":43},"3":{"loc":{"start":{"line":61,"column":2},"end":{"line":64,"column":3}},"type":"if","locations":[{"start":{"line":61,"column":2},"end":{"line":64,"column":3}},{"start":{},"end":{}}],"line":61},"4":{"loc":{"start":{"line":68,"column":2},"end":{"line":77,"column":3}},"type":"if","locations":[{"start":{"line":68,"column":2},"end":{"line":77,"column":3}},{"start":{},"end":{}}],"line":68},"5":{"loc":{"start":{"line":71,"column":4},"end":{"line":75,"column":5}},"type":"if","locations":[{"start":{"line":71,"column":4},"end":{"line":75,"column":5}},{"start":{"line":73,"column":11},"end":{"line":75,"column":5}}],"line":71}},"s":{"0":1,"1":1,"2":1,"3":1,"4":1,"5":1,"6":2,"7":2,"8":1,"9":1,"10":1,"11":1,"12":0,"13":0,"14":0,"15":1,"16":0,"17":0,"18":0,"19":0,"20":0,"21":0,"22":1,"23":1,"24":1,"25":1,"26":1,"27":1,"28":0,"29":0,"30":0,"31":1,"32":0,"33":0,"34":0,"35":0,"36":0,"37":0,"38":0,"39":0,"40":1,"41":0,"42":0,"43":0,"44":0,"45":1},"f":{"0":1,"1":2,"2":1,"3":1,"4":0,"5":0,"6":0,"7":1,"8":0,"9":0,"10":0,"11":0},"b":{"0":[0,1],"1":[0,1],"2":[0,0],"3":[0,0],"4":[0,0],"5":[0,0]},"_coverageSchema":"1a1c01bbd47fc00a2c39e90264f33305004495a9","hash":"08dc3823c22062a7f6ea520e1bae1f9219df1ef2"}
}
