TN:
SF:src\Tasks.js
FN:6,(anonymous_0)
FN:13,(anonymous_1)
FN:26,clearData
FN:30,updateLS
FN:34,(anonymous_4)
FN:41,(anonymous_5)
FN:42,(anonymous_6)
FN:52,addTask
FN:60,(anonymous_8)
FN:67,(anonymous_9)
FN:81,(anonymous_10)
FN:82,(anonymous_11)
FNF:12
FNH:5
FNDA:1,(anonymous_0)
FNDA:2,(anonymous_1)
FNDA:1,clearData
FNDA:1,updateLS
FNDA:0,(anonymous_4)
FNDA:0,(anonymous_5)
FNDA:0,(anonymous_6)
FNDA:1,addTask
FNDA:0,(anonymous_8)
FNDA:0,(anonymous_9)
FNDA:0,(anonymous_10)
FNDA:0,(anonymous_11)
DA:1,1
DA:3,1
DA:7,1
DA:8,1
DA:9,1
DA:13,1
DA:15,2
DA:16,1
DA:17,1
DA:31,1
DA:34,1
DA:35,0
DA:36,0
DA:41,1
DA:42,0
DA:43,0
DA:44,0
DA:45,0
DA:46,0
DA:47,0
DA:53,1
DA:54,1
DA:55,1
DA:56,1
DA:57,1
DA:60,1
DA:61,0
DA:62,0
DA:63,0
DA:67,1
DA:68,0
DA:69,0
DA:70,0
DA:71,0
DA:72,0
DA:74,0
DA:76,0
DA:78,0
DA:81,1
DA:82,0
DA:83,0
DA:84,0
DA:91,1
LF:43
LH:21
BRDA:18,0,0,0
BRDA:18,0,1,1
BRDA:19,1,0,0
BRDA:19,1,1,1
BRDA:43,2,0,0
BRDA:43,2,1,0
BRDA:61,3,0,0
BRDA:61,3,1,0
BRDA:68,4,0,0
BRDA:68,4,1,0
BRDA:71,5,0,0
BRDA:71,5,1,0
BRF:12
BRH:2
end_of_record
