TN:
SF:src\Tasks.js
FN:7,(anonymous_0)
FN:14,(anonymous_1)
FN:27,clearData
FN:31,updateLS
FN:35,(anonymous_4)
FN:41,(anonymous_5)
FN:46,deleteItem
FN:51,(anonymous_7)
FN:52,(anonymous_8)
FN:62,addTask
FN:69,(anonymous_10)
FN:76,(anonymous_11)
FN:90,(anonymous_12)
FN:91,(anonymous_13)
FNF:14
FNH:4
FNDA:1,(anonymous_0)
FNDA:1,(anonymous_1)
FNDA:0,clearData
FNDA:0,updateLS
FNDA:0,(anonymous_4)
FNDA:1,(anonymous_5)
FNDA:1,deleteItem
FNDA:0,(anonymous_7)
FNDA:0,(anonymous_8)
FNDA:0,addTask
FNDA:0,(anonymous_10)
FNDA:0,(anonymous_11)
FNDA:0,(anonymous_12)
FNDA:0,(anonymous_13)
DA:2,1
DA:4,1
DA:8,1
DA:9,1
DA:10,1
DA:14,1
DA:16,1
DA:17,0
DA:18,0
DA:32,0
DA:35,1
DA:36,0
DA:37,0
DA:41,1
DA:42,1
DA:43,1
DA:47,1
DA:51,1
DA:52,0
DA:53,0
DA:54,0
DA:55,0
DA:56,0
DA:57,0
DA:63,0
DA:64,0
DA:65,0
DA:66,0
DA:69,1
DA:70,0
DA:71,0
DA:72,0
DA:76,1
DA:77,0
DA:78,0
DA:79,0
DA:80,0
DA:81,0
DA:83,0
DA:85,0
DA:87,0
DA:90,1
DA:91,0
DA:92,0
DA:93,0
DA:100,1
LF:46
LH:17
BRDA:19,0,0,0
BRDA:19,0,1,0
BRDA:20,1,0,0
BRDA:20,1,1,0
BRDA:53,2,0,0
BRDA:53,2,1,0
BRDA:70,3,0,0
BRDA:70,3,1,0
BRDA:77,4,0,0
BRDA:77,4,1,0
BRDA:80,5,0,0
BRDA:80,5,1,0
BRF:12
BRH:0
end_of_record
